{"uuid":"a6d8cd18-3b60-4d95-b0bf-74e73e8fc3b7","historyId":"d411115215b1ea0b7a2ad9f221a9d784","fullName":"org.selenide.GoogleTest.userCanSearchKeywordWithGoogle","labels":[{"name":"package","value":"org.selenide.GoogleTest"},{"name":"testClass","value":"org.selenide.GoogleTest"},{"name":"testMethod","value":"userCanSearchKeywordWithGoogle"},{"name":"parentSuite","value":"Default suite"},{"name":"suite","value":"Default test"},{"name":"subSuite","value":"org.selenide.GoogleTest"},{"name":"host","value":"TYUDM"},{"name":"thread","value":"8408@TYUDM.main(1)"}],"links":[],"name":"userCanSearchKeywordWithGoogle","status":"failed","statusDetails":{"known":false,"muted":false,"flaky":false,"message":"Element not found {#submit}\r\nExpected: visible or transparent: visible or have css value opacity=0\r\nScreenshot: file:/C:/Users/Dima/eclipse-workspace/Selenide/build/reports/tests/1595101513050.0.png\r\nPage source: file:/C:/Users/Dima/eclipse-workspace/Selenide/build/reports/tests/1595101513050.0.html\r\nTimeout: 4 s.\r\nCaused by: NoSuchElementException: no such element: Unable to locate element: {\"method\":\"css selector\",\"selector\":\"#submit\"}","trace":"Element not found {#submit}\r\nExpected: visible or transparent: visible or have css value opacity=0\r\nScreenshot: file:/C:/Users/Dima/eclipse-workspace/Selenide/build/reports/tests/1595101513050.0.png\r\nPage source: file:/C:/Users/Dima/eclipse-workspace/Selenide/build/reports/tests/1595101513050.0.html\r\nTimeout: 4 s.\r\nCaused by: NoSuchElementException: no such element: Unable to locate element: {\"method\":\"css selector\",\"selector\":\"#submit\"}\r\n\tat com.codeborne.selenide.impl.WebElementSource.createElementNotFoundError(WebElementSource.java:37)\r\n\tat com.codeborne.selenide.impl.ElementFinder.createElementNotFoundError(ElementFinder.java:100)\r\n\tat com.codeborne.selenide.impl.WebElementSource.checkCondition(WebElementSource.java:65)\r\n\tat com.codeborne.selenide.impl.WebElementSource.findAndAssertElementIsInteractable(WebElementSource.java:87)\r\n\tat com.codeborne.selenide.commands.Click.execute(Click.java:13)\r\n\tat com.codeborne.selenide.commands.Click.execute(Click.java:9)\r\n\tat com.codeborne.selenide.commands.Commands.execute(Commands.java:150)\r\n\tat com.codeborne.selenide.impl.SelenideElementProxy.dispatchAndRetry(SelenideElementProxy.java:100)\r\n\tat com.codeborne.selenide.impl.SelenideElementProxy.invoke(SelenideElementProxy.java:66)\r\n\tat com.sun.proxy.$Proxy25.click(Unknown Source)\r\n\tat org.selenide.GoogleTest.userCanSearchKeywordWithGoogle(GoogleTest.java:40)\r\n\tat java.base/jdk.internal.reflect.NativeMethodAccessorImpl.invoke0(Native Method)\r\n\tat java.base/jdk.internal.reflect.NativeMethodAccessorImpl.invoke(NativeMethodAccessorImpl.java:62)\r\n\tat java.base/jdk.internal.reflect.DelegatingMethodAccessorImpl.invoke(DelegatingMethodAccessorImpl.java:43)\r\n\tat java.base/java.lang.reflect.Method.invoke(Method.java:566)\r\n\tat org.testng.internal.MethodInvocationHelper.invokeMethod(MethodInvocationHelper.java:80)\r\n\tat org.testng.internal.Invoker.invokeMethod(Invoker.java:714)\r\n\tat org.testng.internal.Invoker.invokeTestMethod(Invoker.java:901)\r\n\tat org.testng.internal.Invoker.invokeTestMethods(Invoker.java:1231)\r\n\tat org.testng.internal.TestMethodWorker.invokeTestMethods(TestMethodWorker.java:127)\r\n\tat org.testng.internal.TestMethodWorker.run(TestMethodWorker.java:111)\r\n\tat org.testng.TestRunner.privateRun(TestRunner.java:767)\r\n\tat org.testng.TestRunner.run(TestRunner.java:617)\r\n\tat org.testng.SuiteRunner.runTest(SuiteRunner.java:334)\r\n\tat org.testng.SuiteRunner.runSequentially(SuiteRunner.java:329)\r\n\tat org.testng.SuiteRunner.privateRun(SuiteRunner.java:291)\r\n\tat org.testng.SuiteRunner.run(SuiteRunner.java:240)\r\n\tat org.testng.SuiteRunnerWorker.runSuite(SuiteRunnerWorker.java:52)\r\n\tat org.testng.SuiteRunnerWorker.run(SuiteRunnerWorker.java:86)\r\n\tat org.testng.TestNG.runSuitesSequentially(TestNG.java:1198)\r\n\tat org.testng.TestNG.runSuitesLocally(TestNG.java:1123)\r\n\tat org.testng.TestNG.run(TestNG.java:1031)\r\n\tat org.testng.remote.AbstractRemoteTestNG.run(AbstractRemoteTestNG.java:115)\r\n\tat org.testng.remote.RemoteTestNG.initAndRun(RemoteTestNG.java:251)\r\n\tat org.testng.remote.RemoteTestNG.main(RemoteTestNG.java:77)\r\nCaused by: org.openqa.selenium.NoSuchElementException: no such element: Unable to locate element: {\"method\":\"css selector\",\"selector\":\"#submit\"}\n  (Session info: chrome=83.0.4103.116)\nFor documentation on this error, please visit: https://www.seleniumhq.org/exceptions/no_such_element.html\nBuild info: version: '3.141.59', revision: 'e82be7d358', time: '2018-11-14T08:17:03'\nSystem info: host: 'TYUDM', ip: '192.168.1.154', os.name: 'Windows 7', os.arch: 'amd64', os.version: '6.1', java.version: '11.0.5'\nDriver info: org.openqa.selenium.chrome.ChromeDriver\nCapabilities {acceptInsecureCerts: true, browserName: chrome, browserVersion: 83.0.4103.116, chrome: {chromedriverVersion: 83.0.4103.39 (ccbf011cb2d2b..., userDataDir: C:\\Users\\Dima\\AppData\\Local...}, goog:chromeOptions: {debuggerAddress: localhost:62017}, javascriptEnabled: true, networkConnectionEnabled: false, pageLoadStrategy: normal, platform: WINDOWS, platformName: WINDOWS, proxy: Proxy(), setWindowRect: true, strictFileInteractability: false, timeouts: {implicit: 0, pageLoad: 300000, script: 30000}, unhandledPromptBehavior: dismiss and notify, webauthn:virtualAuthenticators: true}\nSession ID: 765e72fe70def829dd12e9206c3c58cb\n*** Element info: {Using=css selector, value=#submit}\r\n\tat jdk.internal.reflect.GeneratedConstructorAccessor12.newInstance(Unknown Source)\r\n\tat java.base/jdk.internal.reflect.DelegatingConstructorAccessorImpl.newInstance(DelegatingConstructorAccessorImpl.java:45)\r\n\tat java.base/java.lang.reflect.Constructor.newInstance(Constructor.java:490)\r\n\tat org.openqa.selenium.remote.http.W3CHttpResponseCodec.createException(W3CHttpResponseCodec.java:187)\r\n\tat org.openqa.selenium.remote.http.W3CHttpResponseCodec.decode(W3CHttpResponseCodec.java:122)\r\n\tat org.openqa.selenium.remote.http.W3CHttpResponseCodec.decode(W3CHttpResponseCodec.java:49)\r\n\tat org.openqa.selenium.remote.HttpCommandExecutor.execute(HttpCommandExecutor.java:158)\r\n\tat org.openqa.selenium.remote.service.DriverCommandExecutor.execute(DriverCommandExecutor.java:83)\r\n\tat org.openqa.selenium.remote.RemoteWebDriver.execute(RemoteWebDriver.java:552)\r\n\tat org.openqa.selenium.remote.RemoteWebDriver.findElement(RemoteWebDriver.java:323)\r\n\tat org.openqa.selenium.remote.RemoteWebDriver.findElementByCssSelector(RemoteWebDriver.java:420)\r\n\tat org.openqa.selenium.By$ByCssSelector.findElement(By.java:431)\r\n\tat org.openqa.selenium.remote.RemoteWebDriver.findElement(RemoteWebDriver.java:315)\r\n\tat com.codeborne.selenide.impl.WebElementSelector.findElement(WebElementSelector.java:30)\r\n\tat com.codeborne.selenide.impl.ElementFinder.getWebElement(ElementFinder.java:74)\r\n\tat com.codeborne.selenide.impl.WebElementSource.checkCondition(WebElementSource.java:50)\r\n\t... 32 more\r\n"},"stage":"finished","start":1595101500261,"stop":1595101513515,"parameters":[]}